Сборка начата 04.11.2024 16:33:07.
Уровень детализации журнала: Normal.     1>Проект "C:\Users\amano\OneDrive\Рабочий стол\КСИС ПРОЕКТЫ\lab5\lab5\lab5.vcxproj" в узле 2 (целевые объекты Build).
     1>PrepareForBuild:
         Структурированный вывод включен. Форматирование диагностики компилятора будет отражать иерархию ошибок. Подробнее см. https://aka.ms/cpp/structured-output.
         Создание каталога "C:\Users\amano\OneDrive\Рабочий стол\КСИС ПРОЕКТЫ\lab5\Debug\".
         Создание каталога "Debug\lab5.tlog\".
       InitializeBuildStatus:
         Создание "Debug\lab5.tlog\unsuccessfulbuild", так как было задано "AlwaysCreate".
         Обращение к "Debug\lab5.tlog\unsuccessfulbuild".
       ClCompile:
         C:\Program Files\Microsoft Visual Studio\2022\Professional\VC\Tools\MSVC\14.38.33130\bin\HostX86\x86\CL.exe /c /ZI /JMC /nologo /W3 /WX- /diagnostics:column /sdl /Od /Oy- /D WIN32 /D _DEBUG /D _CONSOLE /D _UNICODE /D UNICODE /Gm- /EHsc /RTC1 /MDd /GS /fp:precise /Zc:wchar_t /Zc:forScope /Zc:inline /permissive- /Fo"Debug\\" /Fd"Debug\vc143.pdb" /external:W3 /Gd /TP /analyze- /FC /errorReport:prompt lab5.cpp
         lab5.cpp
     1>C:\Users\amano\OneDrive\Рабочий стол\КСИС ПРОЕКТЫ\lab5\lab5\lab5.cpp(16,1): warning C4005: IP_DEST_NET_UNREACHABLE: изменение макроопределения
         C:\Program Files (x86)\Windows Kits\10\Include\10.0.22621.0\um\ipexport.h(173,1):
         см. предыдущее определение "IP_DEST_NET_UNREACHABLE"
         
     1>C:\Users\amano\OneDrive\Рабочий стол\КСИС ПРОЕКТЫ\lab5\lab5\lab5.cpp(17,1): warning C4005: IP_DEST_HOST_UNREACHABLE: изменение макроопределения
         C:\Program Files (x86)\Windows Kits\10\Include\10.0.22621.0\um\ipexport.h(174,1):
         см. предыдущее определение "IP_DEST_HOST_UNREACHABLE"
         
     1>C:\Users\amano\OneDrive\Рабочий стол\КСИС ПРОЕКТЫ\lab5\lab5\lab5.cpp(18,1): warning C4005: IP_DEST_PROT_UNREACHABLE: изменение макроопределения
         C:\Program Files (x86)\Windows Kits\10\Include\10.0.22621.0\um\ipexport.h(175,1):
         см. предыдущее определение "IP_DEST_PROT_UNREACHABLE"
         
     1>C:\Users\amano\OneDrive\Рабочий стол\КСИС ПРОЕКТЫ\lab5\lab5\lab5.cpp(19,1): warning C4005: IP_DEST_PORT_UNREACHABLE: изменение макроопределения
         C:\Program Files (x86)\Windows Kits\10\Include\10.0.22621.0\um\ipexport.h(176,1):
         см. предыдущее определение "IP_DEST_PORT_UNREACHABLE"
         
     1>C:\Users\amano\OneDrive\Рабочий стол\КСИС ПРОЕКТЫ\lab5\lab5\lab5.cpp(20,1): warning C4005: IP_REQ_TIMED_OUT: изменение макроопределения
         C:\Program Files (x86)\Windows Kits\10\Include\10.0.22621.0\um\ipexport.h(181,1):
         см. предыдущее определение "IP_REQ_TIMED_OUT"
         
     1>C:\Users\amano\OneDrive\Рабочий стол\КСИС ПРОЕКТЫ\lab5\lab5\lab5.cpp(21,1): warning C4005: IP_BAD_REQ: изменение макроопределения
         C:\Program Files (x86)\Windows Kits\10\Include\10.0.22621.0\um\ipexport.h(182,1):
         см. предыдущее определение "IP_BAD_REQ"
         
     1>C:\Users\amano\OneDrive\Рабочий стол\КСИС ПРОЕКТЫ\lab5\lab5\lab5.cpp(22,1): warning C4005: IP_BAD_ROUTE: изменение макроопределения
         C:\Program Files (x86)\Windows Kits\10\Include\10.0.22621.0\um\ipexport.h(183,1):
         см. предыдущее определение "IP_BAD_ROUTE"
         
     1>C:\Users\amano\OneDrive\Рабочий стол\КСИС ПРОЕКТЫ\lab5\lab5\lab5.cpp(23,1): warning C4005: IP_TTL_EXPIRED_TRANSIT: изменение макроопределения
         C:\Program Files (x86)\Windows Kits\10\Include\10.0.22621.0\um\ipexport.h(184,1):
         см. предыдущее определение "IP_TTL_EXPIRED_TRANSIT"
         
       Link:
         C:\Program Files\Microsoft Visual Studio\2022\Professional\VC\Tools\MSVC\14.38.33130\bin\HostX86\x86\link.exe /ERRORREPORT:PROMPT /OUT:"C:\Users\amano\OneDrive\Рабочий стол\КСИС ПРОЕКТЫ\lab5\Debug\lab5.exe" /INCREMENTAL /ILK:"Debug\lab5.ilk" /NOLOGO kernel32.lib user32.lib gdi32.lib winspool.lib comdlg32.lib advapi32.lib shell32.lib ole32.lib oleaut32.lib uuid.lib odbc32.lib odbccp32.lib /MANIFEST /MANIFESTUAC:"level='asInvoker' uiAccess='false'" /manifest:embed /DEBUG /PDB:"C:\Users\amano\OneDrive\Рабочий стол\КСИС ПРОЕКТЫ\lab5\Debug\lab5.pdb" /SUBSYSTEM:CONSOLE /TLBID:1 /DYNAMICBASE /NXCOMPAT /IMPLIB:"C:\Users\amano\OneDrive\Рабочий стол\КСИС ПРОЕКТЫ\lab5\Debug\lab5.lib" /MACHINE:X86 Debug\lab5.obj
         lab5.vcxproj -> C:\Users\amano\OneDrive\Рабочий стол\КСИС ПРОЕКТЫ\lab5\Debug\lab5.exe
       FinalizeBuildStatus:
         Файл "Debug\lab5.tlog\unsuccessfulbuild" удаляется.
         Обращение к "Debug\lab5.tlog\lab5.lastbuildstate".
     1>Сборка проекта "C:\Users\amano\OneDrive\Рабочий стол\КСИС ПРОЕКТЫ\lab5\lab5\lab5.vcxproj" завершена (целевые объекты Build).

Сборка успешно завершена.

       "C:\Users\amano\OneDrive\Рабочий стол\КСИС ПРОЕКТЫ\lab5\lab5\lab5.vcxproj" (целевой объект Build ) (1) ->
       (Целевой объект ClCompile) -> 
         C:\Users\amano\OneDrive\Рабочий стол\КСИС ПРОЕКТЫ\lab5\lab5\lab5.cpp(16,1): warning C4005: IP_DEST_NET_UNREACHABLE: изменение макроопределения
         C:\Users\amano\OneDrive\Рабочий стол\КСИС ПРОЕКТЫ\lab5\lab5\lab5.cpp(17,1): warning C4005: IP_DEST_HOST_UNREACHABLE: изменение макроопределения
         C:\Users\amano\OneDrive\Рабочий стол\КСИС ПРОЕКТЫ\lab5\lab5\lab5.cpp(18,1): warning C4005: IP_DEST_PROT_UNREACHABLE: изменение макроопределения
         C:\Users\amano\OneDrive\Рабочий стол\КСИС ПРОЕКТЫ\lab5\lab5\lab5.cpp(19,1): warning C4005: IP_DEST_PORT_UNREACHABLE: изменение макроопределения
         C:\Users\amano\OneDrive\Рабочий стол\КСИС ПРОЕКТЫ\lab5\lab5\lab5.cpp(20,1): warning C4005: IP_REQ_TIMED_OUT: изменение макроопределения
         C:\Users\amano\OneDrive\Рабочий стол\КСИС ПРОЕКТЫ\lab5\lab5\lab5.cpp(21,1): warning C4005: IP_BAD_REQ: изменение макроопределения
         C:\Users\amano\OneDrive\Рабочий стол\КСИС ПРОЕКТЫ\lab5\lab5\lab5.cpp(22,1): warning C4005: IP_BAD_ROUTE: изменение макроопределения
         C:\Users\amano\OneDrive\Рабочий стол\КСИС ПРОЕКТЫ\lab5\lab5\lab5.cpp(23,1): warning C4005: IP_TTL_EXPIRED_TRANSIT: изменение макроопределения

    Предупреждений: 8
    Ошибок: 0

Прошло времени 00:00:04.17
