Сборка начата 11.11.2024 16:56:40.
Уровень детализации журнала: Normal.     1>Проект "C:\Users\amano\OneDrive\Рабочий стол\КСИС ПРОЕКТЫ\lab6\lab5\lab5.vcxproj" в узле 2 (целевые объекты Build).
     1>C:\Program Files\Microsoft Visual Studio\2022\Professional\MSBuild\Microsoft\VC\v170\Microsoft.CppBuild.targets(531,5): warning MSB8028: промежуточный каталог (x64\Debug\) содержит файлы, которые используются совместно с другим проектом (lab5.vcxproj).  Это может привести к ошибкам очистки и перестроения.
         Структурированный вывод включен. Форматирование диагностики компилятора будет отражать иерархию ошибок. Подробнее см. https://aka.ms/cpp/structured-output.
     1>InitializeBuildStatus:
         Создание "x64\Debug\lab6.tlog\unsuccessfulbuild", так как было задано "AlwaysCreate".
         Обращение к "x64\Debug\lab6.tlog\unsuccessfulbuild".
       ClCompile:
         C:\Program Files\Microsoft Visual Studio\2022\Professional\VC\Tools\MSVC\14.38.33130\bin\HostX64\x64\CL.exe /c /ZI /JMC /nologo /W3 /WX- /diagnostics:column /sdl /Od /D _DEBUG /D _CONSOLE /D _UNICODE /D UNICODE /Gm- /EHsc /RTC1 /MDd /GS /fp:precise /Zc:wchar_t /Zc:forScope /Zc:inline /permissive- /Fo"x64\Debug\\" /Fd"x64\Debug\vc143.pdb" /external:W3 /Gd /TP /FC /errorReport:prompt lab5.cpp
         lab5.cpp
       Link:
         C:\Program Files\Microsoft Visual Studio\2022\Professional\VC\Tools\MSVC\14.38.33130\bin\HostX64\x64\link.exe /ERRORREPORT:PROMPT /OUT:"C:\Users\amano\OneDrive\Рабочий стол\КСИС ПРОЕКТЫ\lab6\x64\Debug\lab6.exe" /INCREMENTAL /ILK:"x64\Debug\lab6.ilk" /NOLOGO kernel32.lib user32.lib gdi32.lib winspool.lib comdlg32.lib advapi32.lib shell32.lib ole32.lib oleaut32.lib uuid.lib odbc32.lib odbccp32.lib /MANIFEST /MANIFESTUAC:"level='asInvoker' uiAccess='false'" /manifest:embed /DEBUG /PDB:"C:\Users\amano\OneDrive\Рабочий стол\КСИС ПРОЕКТЫ\lab6\x64\Debug\lab6.pdb" /SUBSYSTEM:CONSOLE /TLBID:1 /DYNAMICBASE /NXCOMPAT /IMPLIB:"C:\Users\amano\OneDrive\Рабочий стол\КСИС ПРОЕКТЫ\lab6\x64\Debug\lab6.lib" /MACHINE:X64 x64\Debug\lab5.obj
         lab5.vcxproj -> C:\Users\amano\OneDrive\Рабочий стол\КСИС ПРОЕКТЫ\lab6\x64\Debug\lab6.exe
       TlogCleanup:
         Следующие элементы будут удалены из tlogs, так как они были удалены из проекта или сборки: D:\Poit3sem\KSIS\sem2\lab6\lab5\lab5.cpp.
       FinalizeBuildStatus:
         Файл "x64\Debug\lab6.tlog\unsuccessfulbuild" удаляется.
         Обращение к "x64\Debug\lab6.tlog\lab6.lastbuildstate".
     1>Сборка проекта "C:\Users\amano\OneDrive\Рабочий стол\КСИС ПРОЕКТЫ\lab6\lab5\lab5.vcxproj" завершена (целевые объекты Build).

Сборка успешно завершена.

       "C:\Users\amano\OneDrive\Рабочий стол\КСИС ПРОЕКТЫ\lab6\lab5\lab5.vcxproj" (целевой объект Build ) (1) ->
       (Целевой объект PrepareForBuild) -> 
         C:\Program Files\Microsoft Visual Studio\2022\Professional\MSBuild\Microsoft\VC\v170\Microsoft.CppBuild.targets(531,5): warning MSB8028: промежуточный каталог (x64\Debug\) содержит файлы, которые используются совместно с другим проектом (lab5.vcxproj).  Это может привести к ошибкам очистки и перестроения.

    Предупреждений: 1
    Ошибок: 0

Прошло времени 00:00:01.30
